<?xml version="1.0" encoding="UTF-8"?>
<!-- Generated by org.testng.reporters.JUnitXMLReporter -->
<testsuite ignored="0" hostname="DESKTOP-ABHAY" failures="0" tests="1" name="BankingApp Test" time="70.842" errors="0" timestamp="16 May 2021 05:58:36 GMT">
  <testcase classname="com.inetbanking.testCases.BaseClass" name="@BeforeClass setup" time="70.51">
    <failure type="org.openqa.selenium.WebDriverException" message="chrome not reachable
Build info: version: &amp;apos;3.141.59&amp;apos;, revision: &amp;apos;e82be7d358&amp;apos;, time: &amp;apos;2018-11-14T08:17:03&amp;apos;
System info: host: &amp;apos;DESKTOP-ABHAY&amp;apos;, ip: &amp;apos;192.168.43.23&amp;apos;, os.name: &amp;apos;Windows 10&amp;apos;, os.arch: &amp;apos;amd64&amp;apos;, os.version: &amp;apos;10.0&amp;apos;, java.version: &amp;apos;15.0.1&amp;apos;
Driver info: driver.version: ChromeDriver
remote stacktrace: Backtrace:
	Ordinal0 [0x00DAC013+2474003]
	Ordinal0 [0x00D429C1+2042305]
	Ordinal0 [0x00C52E30+1060400]
	Ordinal0 [0x00C47743+1013571]
	Ordinal0 [0x00C71282+1184386]
	Ordinal0 [0x00C6D600+1168896]
	Ordinal0 [0x00C6AA83+1157763]
	Ordinal0 [0x00C9A2A2+1352354]
	Ordinal0 [0x00C98FAA+1347498]
	Ordinal0 [0x00C966DB+1337051]
	Ordinal0 [0x00C73427+1192999]
	Ordinal0 [0x00C742EE+1196782]
	Ordinal0 [0x00C74279+1196665]
	GetHandleVerifier [0x00F396FC+1590332]
	GetHandleVerifier [0x00FE8614+2306900]
	GetHandleVerifier [0x00E39E93+543699]
	GetHandleVerifier [0x00E392CE+540686]
	Ordinal0 [0x00D486BA+2066106]
	Ordinal0 [0x00D4D1C8+2085320]
	Ordinal0 [0x00D4D308+2085640]
	Ordinal0 [0x00D567F3+2123763]
	BaseThreadInitThunk [0x7746FA29+25]
	RtlGetAppContainerNamedObjectPath [0x776E7A7E+286]
	RtlGetAppContainerNamedObjectPath [0x776E7A4E+238]
">
      <![CDATA[org.openqa.selenium.WebDriverException: chrome not reachable
Build info: version: '3.141.59', revision: 'e82be7d358', time: '2018-11-14T08:17:03'
System info: host: 'DESKTOP-ABHAY', ip: '192.168.43.23', os.name: 'Windows 10', os.arch: 'amd64', os.version: '10.0', java.version: '15.0.1'
Driver info: driver.version: ChromeDriver
remote stacktrace: Backtrace:
Ordinal0 [0x00DAC013+2474003]
Ordinal0 [0x00D429C1+2042305]
Ordinal0 [0x00C52E30+1060400]
Ordinal0 [0x00C47743+1013571]
Ordinal0 [0x00C71282+1184386]
Ordinal0 [0x00C6D600+1168896]
Ordinal0 [0x00C6AA83+1157763]
Ordinal0 [0x00C9A2A2+1352354]
Ordinal0 [0x00C98FAA+1347498]
Ordinal0 [0x00C966DB+1337051]
Ordinal0 [0x00C73427+1192999]
Ordinal0 [0x00C742EE+1196782]
Ordinal0 [0x00C74279+1196665]
GetHandleVerifier [0x00F396FC+1590332]
GetHandleVerifier [0x00FE8614+2306900]
GetHandleVerifier [0x00E39E93+543699]
GetHandleVerifier [0x00E392CE+540686]
Ordinal0 [0x00D486BA+2066106]
Ordinal0 [0x00D4D1C8+2085320]
Ordinal0 [0x00D4D308+2085640]
Ordinal0 [0x00D567F3+2123763]
BaseThreadInitThunk [0x7746FA29+25]
RtlGetAppContainerNamedObjectPath [0x776E7A7E+286]
RtlGetAppContainerNamedObjectPath [0x776E7A4E+238]

at org.openqa.selenium.remote.W3CHandshakeResponse.lambda$errorHandler$0(W3CHandshakeResponse.java:62)
at org.openqa.selenium.remote.HandshakeResponse.lambda$getResponseFunction$0(HandshakeResponse.java:30)
at org.openqa.selenium.remote.ProtocolHandshake.lambda$createSession$0(ProtocolHandshake.java:126)
at java.base/java.util.stream.ReferencePipeline$3$1.accept(ReferencePipeline.java:195)
at java.base/java.util.Spliterators$ArraySpliterator.tryAdvance(Spliterators.java:958)
at java.base/java.util.stream.ReferencePipeline.forEachWithCancel(ReferencePipeline.java:127)
at java.base/java.util.stream.AbstractPipeline.copyIntoWithCancel(AbstractPipeline.java:502)
at java.base/java.util.stream.AbstractPipeline.copyInto(AbstractPipeline.java:488)
at java.base/java.util.stream.AbstractPipeline.wrapAndCopyInto(AbstractPipeline.java:474)
at java.base/java.util.stream.FindOps$FindOp.evaluateSequential(FindOps.java:150)
at java.base/java.util.stream.AbstractPipeline.evaluate(AbstractPipeline.java:234)
at java.base/java.util.stream.ReferencePipeline.findFirst(ReferencePipeline.java:543)
at org.openqa.selenium.remote.ProtocolHandshake.createSession(ProtocolHandshake.java:128)
at org.openqa.selenium.remote.ProtocolHandshake.createSession(ProtocolHandshake.java:74)
at org.openqa.selenium.remote.HttpCommandExecutor.execute(HttpCommandExecutor.java:136)
at org.openqa.selenium.remote.service.DriverCommandExecutor.execute(DriverCommandExecutor.java:83)
at org.openqa.selenium.remote.RemoteWebDriver.execute(RemoteWebDriver.java:552)
at org.openqa.selenium.remote.RemoteWebDriver.startSession(RemoteWebDriver.java:213)
at org.openqa.selenium.remote.RemoteWebDriver.<init>(RemoteWebDriver.java:131)
at org.openqa.selenium.chrome.ChromeDriver.<init>(ChromeDriver.java:181)
at org.openqa.selenium.chrome.ChromeDriver.<init>(ChromeDriver.java:168)
at org.openqa.selenium.chrome.ChromeDriver.<init>(ChromeDriver.java:123)
at com.inetbanking.testCases.BaseClass.setup(BaseClass.java:45)
... Removed 34 stack frames]]>
    </failure>
  </testcase> <!-- @BeforeClass setup -->
  <testcase classname="com.inetbanking.testCases.BaseClass" name="@AfterClass tearDown" time="0.0">
    <skipped/>
  </testcase> <!-- @AfterClass tearDown -->
  <testcase classname="com.inetbanking.testCases.TC_AddCustomerTest_003" name="addNewCustomer" time="0.0">
    <skipped/>
  </testcase> <!-- addNewCustomer -->
</testsuite> <!-- BankingApp Test -->
